e:\code-n1\code-n1\三子棋\三子棋\debug\vc141.pdb
e:\code-n1\code-n1\三子棋\三子棋\debug\vc141.idb
e:\code-n1\code-n1\三子棋\三子棋\debug\game.obj
e:\code-n1\code-n1\三子棋\三子棋\debug\test.obj
f:\code-n1\三子棋\三子棋\debug\vc141.pdb
f:\code-n1\三子棋\三子棋\debug\vc141.idb
f:\code-n1\三子棋\三子棋\debug\test.obj
f:\code-n1\三子棋\三子棋\debug\game.obj
e:\code-n1\code-n1\三子棋\debug\三子棋.exe
e:\code-n1\code-n1\三子棋\debug\三子棋.ilk
e:\code-n1\code-n1\三子棋\debug\三子棋.pdb
f:\code-n1\三子棋\debug\三子棋.ilk
f:\code-n1\三子棋\debug\三子棋.exe
f:\code-n1\三子棋\debug\三子棋.pdb
f:\code-n1\三子棋\三子棋\debug\三子棋.tlog\cl.command.1.tlog
f:\code-n1\三子棋\三子棋\debug\三子棋.tlog\cl.read.1.tlog
f:\code-n1\三子棋\三子棋\debug\三子棋.tlog\cl.write.1.tlog
f:\code-n1\三子棋\三子棋\debug\三子棋.tlog\link.command.1.tlog
f:\code-n1\三子棋\三子棋\debug\三子棋.tlog\link.read.1.tlog
f:\code-n1\三子棋\三子棋\debug\三子棋.tlog\link.write.1.tlog
