生成启动时间为 2018/11/2 9:29:44。
     1>项目“F:\3Visual C 2010\Code-44.c\11-01代码练习\11-01代码练习\11-01代码练习.vcxproj”在节点 2 上(build 个目标)。
     1>InitializeBuildStatus:
         正在对“Debug\11-01代码练习.unsuccessfulbuild”执行 Touch 任务。
       ClCompile:
         d:\Visual C++ 2010 Express.rar\VC\bin\CL.exe /c /ZI /nologo /W3 /WX- /Od /Oy- /D WIN32 /D _DEBUG /D _CONSOLE /D _UNICODE /D UNICODE /Gm /EHsc /RTC1 /MDd /GS /fp:precise /Zc:wchar_t /Zc:forScope /Fo"Debug\\" /Fd"Debug\vc100.pdb" /Gd /TC /analyze- /errorReport:prompt Test.c
         Test.c
       ManifestResourceCompile:
         C:\Program Files (x86)\Microsoft SDKs\Windows\v7.0A\bin\rc.exe /nologo /fo"Debug\11-01代码练习.exe.embed.manifest.res" "Debug\11-01代码练习_manifest.rc" 
       Link:
         d:\Visual C++ 2010 Express.rar\VC\bin\link.exe /ERRORREPORT:PROMPT /OUT:"F:\3Visual C 2010\Code-44.c\11-01代码练习\Debug\11-01代码练习.exe" /INCREMENTAL /NOLOGO kernel32.lib user32.lib gdi32.lib winspool.lib comdlg32.lib advapi32.lib shell32.lib ole32.lib oleaut32.lib uuid.lib odbc32.lib odbccp32.lib /MANIFEST /ManifestFile:"Debug\11-01代码练习.exe.intermediate.manifest" /MANIFESTUAC:"level='asInvoker' uiAccess='false'" /DEBUG /PDB:"F:\3Visual C 2010\Code-44.c\11-01代码练习\Debug\11-01代码练习.pdb" /SUBSYSTEM:CONSOLE /TLBID:1 /DYNAMICBASE /NXCOMPAT /IMPLIB:"F:\3Visual C 2010\Code-44.c\11-01代码练习\Debug\11-01代码练习.lib" /MACHINE:X86 "Debug\11-01代码练习.exe.embed.manifest.res"
         Debug\Test.obj
       Manifest:
         C:\Program Files (x86)\Microsoft SDKs\Windows\v7.0A\bin\mt.exe /nologo /verbose /out:"Debug\11-01代码练习.exe.embed.manifest" /manifest "Debug\11-01代码练习.exe.intermediate.manifest"
         所有输出均为最新。
       LinkEmbedManifest:
         所有输出均为最新。
         11-01代码练习.vcxproj -> F:\3Visual C 2010\Code-44.c\11-01代码练习\Debug\11-01代码练习.exe
       FinalizeBuildStatus:
         正在删除文件“Debug\11-01代码练习.unsuccessfulbuild”。
         正在对“Debug\11-01代码练习.lastbuildstate”执行 Touch 任务。
     1>已完成生成项目“F:\3Visual C 2010\Code-44.c\11-01代码练习\11-01代码练习\11-01代码练习.vcxproj”(build 个目标)的操作。

生成成功。

已用时间 00:00:02.31
