生成启动时间为 2018/10/27 23:36:51。
     1>项目“F:\3Visual C 2010\判断闰年\判断闰年\判断闰年.vcxproj”在节点 2 上(build 个目标)。
     1>InitializeBuildStatus:
         正在创建“Debug\判断闰年.unsuccessfulbuild”，因为已指定“AlwaysCreate”。
       ClCompile:
         d:\Visual C++ 2010 Express.rar\VC\bin\CL.exe /c /ZI /nologo /W3 /WX- /Od /Oy- /D WIN32 /D _DEBUG /D _CONSOLE /D _UNICODE /D UNICODE /Gm /EHsc /RTC1 /MDd /GS /fp:precise /Zc:wchar_t /Zc:forScope /Fo"Debug\\" /Fd"Debug\vc100.pdb" /Gd /TC /analyze- /errorReport:prompt "10-23.c"
         10-23.c
     1>f:\3visual c 2010\判断闰年\判断闰年\10-23.c(10): warning C4996: 'scanf': This function or variable may be unsafe. Consider using scanf_s instead. To disable deprecation, use _CRT_SECURE_NO_WARNINGS. See online help for details.
                 d:\visual c++ 2010 express.rar\vc\include\stdio.h(304) : 参见“scanf”的声明
       ManifestResourceCompile:
         所有输出均为最新。
       Link:
         d:\Visual C++ 2010 Express.rar\VC\bin\link.exe /ERRORREPORT:PROMPT /OUT:"F:\3Visual C 2010\判断闰年\Debug\判断闰年.exe" /INCREMENTAL /NOLOGO kernel32.lib user32.lib gdi32.lib winspool.lib comdlg32.lib advapi32.lib shell32.lib ole32.lib oleaut32.lib uuid.lib odbc32.lib odbccp32.lib /MANIFEST /ManifestFile:"Debug\判断闰年.exe.intermediate.manifest" /MANIFESTUAC:"level='asInvoker' uiAccess='false'" /DEBUG /PDB:"F:\3Visual C 2010\判断闰年\Debug\判断闰年.pdb" /SUBSYSTEM:CONSOLE /TLBID:1 /DYNAMICBASE /NXCOMPAT /IMPLIB:"F:\3Visual C 2010\判断闰年\Debug\判断闰年.lib" /MACHINE:X86 "Debug\判断闰年.exe.embed.manifest.res"
         "Debug\10-23.obj"
       Manifest:
         C:\Program Files (x86)\Microsoft SDKs\Windows\v7.0A\bin\mt.exe /nologo /verbose /out:"Debug\判断闰年.exe.embed.manifest" /manifest "Debug\判断闰年.exe.intermediate.manifest"
         所有输出均为最新。
       LinkEmbedManifest:
         所有输出均为最新。
         判断闰年.vcxproj -> F:\3Visual C 2010\判断闰年\Debug\判断闰年.exe
       FinalizeBuildStatus:
         正在删除文件“Debug\判断闰年.unsuccessfulbuild”。
         正在对“Debug\判断闰年.lastbuildstate”执行 Touch 任务。
     1>已完成生成项目“F:\3Visual C 2010\判断闰年\判断闰年\判断闰年.vcxproj”(build 个目标)的操作。

生成成功。

已用时间 00:00:02.20
