生成启动时间为 2018/11/1 0:59:23。
     1>项目“F:\3Visual C 2010\作业一\作业一\作业一.vcxproj”在节点 2 上(build 个目标)。
     1>InitializeBuildStatus:
         正在创建“Debug\作业一.unsuccessfulbuild”，因为已指定“AlwaysCreate”。
       ClCompile:
         d:\Visual C++ 2010 Express.rar\VC\bin\CL.exe /c /ZI /nologo /W3 /WX- /Od /Oy- /D WIN32 /D _DEBUG /D _CONSOLE /D _UNICODE /D UNICODE /Gm /EHsc /RTC1 /MDd /GS /fp:precise /Zc:wchar_t /Zc:forScope /Fo"Debug\\" /Fd"Debug\vc100.pdb" /Gd /TC /analyze- /errorReport:prompt "10-31.c"
         10-31.c
       ManifestResourceCompile:
         所有输出均为最新。
       Link:
         d:\Visual C++ 2010 Express.rar\VC\bin\link.exe /ERRORREPORT:PROMPT /OUT:"F:\3Visual C 2010\作业一\Debug\作业一.exe" /INCREMENTAL /NOLOGO kernel32.lib user32.lib gdi32.lib winspool.lib comdlg32.lib advapi32.lib shell32.lib ole32.lib oleaut32.lib uuid.lib odbc32.lib odbccp32.lib /MANIFEST /ManifestFile:"Debug\作业一.exe.intermediate.manifest" /MANIFESTUAC:"level='asInvoker' uiAccess='false'" /DEBUG /PDB:"F:\3Visual C 2010\作业一\Debug\作业一.pdb" /SUBSYSTEM:CONSOLE /TLBID:1 /DYNAMICBASE /NXCOMPAT /IMPLIB:"F:\3Visual C 2010\作业一\Debug\作业一.lib" /MACHINE:X86 "Debug\作业一.exe.embed.manifest.res"
         "Debug\10-31.obj"
       Manifest:
         C:\Program Files (x86)\Microsoft SDKs\Windows\v7.0A\bin\mt.exe /nologo /verbose /out:"Debug\作业一.exe.embed.manifest" /manifest "Debug\作业一.exe.intermediate.manifest"
         所有输出均为最新。
       LinkEmbedManifest:
         所有输出均为最新。
         作业一.vcxproj -> F:\3Visual C 2010\作业一\Debug\作业一.exe
       FinalizeBuildStatus:
         正在删除文件“Debug\作业一.unsuccessfulbuild”。
         正在对“Debug\作业一.lastbuildstate”执行 Touch 任务。
     1>已完成生成项目“F:\3Visual C 2010\作业一\作业一\作业一.vcxproj”(build 个目标)的操作。

生成成功。

已用时间 00:00:01.04
