生成启动时间为 2018/10/28 22:31:34。
     1>项目“F:\3Visual C 2010\求 1！+2！+n!\求 1！+2！+n!\求 1！+2！+n!.vcxproj”在节点 2 上(build 个目标)。
     1>InitializeBuildStatus:
         正在创建“Release\求 1！+2！+n!.unsuccessfulbuild”，因为已指定“AlwaysCreate”。
       ClCompile:
         d:\Visual C++ 2010 Express.rar\VC\bin\CL.exe /c /Zi /nologo /W3 /WX- /O2 /Oi /Oy- /GL /D WIN32 /D NDEBUG /D _CONSOLE /D _UNICODE /D UNICODE /Gm- /EHsc /MD /GS /Gy /fp:precise /Zc:wchar_t /Zc:forScope /Fo"Release\\" /Fd"Release\vc100.pdb" /Gd /TC /analyze- /errorReport:prompt "10-28.c"
         10-28.c
     1>10-28.c(11): warning C4996: 'scanf': This function or variable may be unsafe. Consider using scanf_s instead. To disable deprecation, use _CRT_SECURE_NO_WARNINGS. See online help for details.
                 d:\Visual C++ 2010 Express.rar\VC\include\stdio.h(304) : 参见“scanf”的声明
       Link:
         d:\Visual C++ 2010 Express.rar\VC\bin\link.exe /ERRORREPORT:PROMPT /OUT:"F:\3Visual C 2010\求 1！+2！+n!\Release\求 1！+2！+n!.exe" /INCREMENTAL:NO /NOLOGO kernel32.lib user32.lib gdi32.lib winspool.lib comdlg32.lib advapi32.lib shell32.lib ole32.lib oleaut32.lib uuid.lib odbc32.lib odbccp32.lib /MANIFEST /ManifestFile:"Release\求 1！+2！+n!.exe.intermediate.manifest" /MANIFESTUAC:"level='asInvoker' uiAccess='false'" /DEBUG /PDB:"F:\3Visual C 2010\求 1！+2！+n!\Release\求 1！+2！+n!.pdb" /SUBSYSTEM:CONSOLE /OPT:REF /OPT:ICF /LTCG /TLBID:1 /DYNAMICBASE /NXCOMPAT /IMPLIB:"F:\3Visual C 2010\求 1！+2！+n!\Release\求 1！+2！+n!.lib" /MACHINE:X86 "Release\10-28.obj"
         正在生成代码
         已完成代码的生成
         求 1！+2！+n!.vcxproj -> F:\3Visual C 2010\求 1！+2！+n!\Release\求 1！+2！+n!.exe
       Manifest:
         C:\Program Files (x86)\Microsoft SDKs\Windows\v7.0A\bin\mt.exe /nologo /verbose /outputresource:"F:\3Visual C 2010\求 1！+2！+n!\Release\求 1！+2！+n!.exe;#1" /manifest "Release\求 1！+2！+n!.exe.intermediate.manifest"
       FinalizeBuildStatus:
         正在删除文件“Release\求 1！+2！+n!.unsuccessfulbuild”。
         正在对“Release\求 1！+2！+n!.lastbuildstate”执行 Touch 任务。
     1>已完成生成项目“F:\3Visual C 2010\求 1！+2！+n!\求 1！+2！+n!\求 1！+2！+n!.vcxproj”(build 个目标)的操作。

生成成功。

已用时间 00:00:01.04
