生成启动时间为 2019/1/1 22:32:25。
     1>项目“F:\Code-N1\Hexa\Hexa\Hexa.vcxproj”在节点 2 上(build 个目标)。
     1>InitializeBuildStatus:
         正在对“Debug\Hexa.unsuccessfulbuild”执行 Touch 任务。
       ClCompile:
         d:\Visual Studio 2010\VC\bin\CL.exe /c /ZI /nologo /W3 /WX- /Od /Oy- /D WIN32 /D _DEBUG /D _CONSOLE /D _UNICODE /D UNICODE /Gm /EHsc /RTC1 /MDd /GS /fp:precise /Zc:wchar_t /Zc:forScope /Fo"Debug\\" /Fd"Debug\vc100.pdb" /Gd /TC /analyze- /errorReport:prompt text.c
         text.c
     1>f:\code-n1\hexa\hexa\text.c(61): warning C4996: 'scanf': This function or variable may be unsafe. Consider using scanf_s instead. To disable deprecation, use _CRT_SECURE_NO_WARNINGS. See online help for details.
                 d:\visual studio 2010\vc\include\stdio.h(304) : 参见“scanf”的声明
       ManifestResourceCompile:
         所有输出均为最新。
       Link:
         d:\Visual Studio 2010\VC\bin\link.exe /ERRORREPORT:PROMPT /OUT:"F:\Code-N1\Hexa\Debug\Hexa.exe" /INCREMENTAL /NOLOGO kernel32.lib user32.lib gdi32.lib winspool.lib comdlg32.lib advapi32.lib shell32.lib ole32.lib oleaut32.lib uuid.lib odbc32.lib odbccp32.lib /MANIFEST /ManifestFile:"Debug\Hexa.exe.intermediate.manifest" /MANIFESTUAC:"level='asInvoker' uiAccess='false'" /DEBUG /PDB:"F:\Code-N1\Hexa\Debug\Hexa.pdb" /SUBSYSTEM:CONSOLE /TLBID:1 /DYNAMICBASE /NXCOMPAT /IMPLIB:"F:\Code-N1\Hexa\Debug\Hexa.lib" /MACHINE:X86 Debug\Hexa.exe.embed.manifest.res
         Debug\text.obj
       Manifest:
         C:\Program Files (x86)\Microsoft SDKs\Windows\v7.0A\bin\mt.exe /nologo /verbose /out:"Debug\Hexa.exe.embed.manifest" /manifest Debug\Hexa.exe.intermediate.manifest
         所有输出均为最新。
       LinkEmbedManifest:
         所有输出均为最新。
         Hexa.vcxproj -> F:\Code-N1\Hexa\Debug\Hexa.exe
       FinalizeBuildStatus:
         正在删除文件“Debug\Hexa.unsuccessfulbuild”。
         正在对“Debug\Hexa.lastbuildstate”执行 Touch 任务。
     1>已完成生成项目“F:\Code-N1\Hexa\Hexa\Hexa.vcxproj”(build 个目标)的操作。

生成成功。

已用时间 00:00:00.67
